<?xml version="1.0" encoding="UTF-8"?>
<!-- Generated by org.testng.reporters.JUnitReportReporter -->
<testsuite hostname="RASELANAN861B" failures="0" tests="1" name="NewTest" time="0.025" errors="0" timestamp="2022-09-15T18:24:01 BOT" skipped="0">
  <testcase classname="NewTest" name="f" time="0.025"/>
  <system-out/>
</testsuite> <!-- NewTest -->
